# JRE version: Java(TM) SE Runtime Environment (10.0.1+10) (build 10.0.1+10)
# Java VM: Java HotSpot(TM) 64-Bit Server VM (10.0.1+10, mixed mode, tiered, compressed oops, g1 gc, windows-amd64)
Heap:
 garbage-first heap   total 183296K, used 83592K [0x0000000084400000, 0x0000000100000000)
  region size 1024K, 47 young (48128K), 2 survivors (2048K)
 Metaspace       used 47076K, capacity 49703K, committed 50044K, reserved 1093632K
  class space    used 5251K, capacity 6484K, committed 6524K, reserved 1048576K
GC Heap History (10 events):
Event: 38.097 GC heap before
{Heap before GC invocations=48 (full 0):
 garbage-first heap   total 152576K, used 76908K [0x0000000084400000, 0x0000000100000000)
  region size 1024K, 10 young (10240K), 2 survivors (2048K)
 Metaspace       used 45945K, capacity 48515K, committed 48636K, reserved 1091584K
  class space    used 5159K, capacity 6387K, committed 6396K, reserved 1048576K
}
Event: 38.100 GC heap after
{Heap after GC invocations=49 (full 0):
 garbage-first heap   total 152576K, used 28737K [0x0000000084400000, 0x0000000100000000)
  region size 1024K, 2 young (2048K), 2 survivors (2048K)
 Metaspace       used 45945K, capacity 48515K, committed 48636K, reserved 1091584K
  class space    used 5159K, capacity 6387K, committed 6396K, reserved 1048576K
}
Event: 38.707 GC heap before
{Heap before GC invocations=50 (full 0):
 garbage-first heap   total 152576K, used 81985K [0x0000000084400000, 0x0000000100000000)
  region size 1024K, 15 young (15360K), 2 survivors (2048K)
 Metaspace       used 45968K, capacity 48515K, committed 48636K, reserved 1091584K
  class space    used 5159K, capacity 6387K, committed 6396K, reserved 1048576K
}
Event: 38.711 GC heap after
{Heap after GC invocations=51 (full 0):
 garbage-first heap   total 152576K, used 29083K [0x0000000084400000, 0x0000000100000000)
  region size 1024K, 2 young (2048K), 2 survivors (2048K)
 Metaspace       used 45968K, capacity 48515K, committed 48636K, reserved 1091584K
  class space    used 5159K, capacity 6387K, committed 6396K, reserved 1048576K
}
Event: 39.013 GC heap before
{Heap before GC invocations=52 (full 0):
 garbage-first heap   total 152576K, used 73115K [0x0000000084400000, 0x0000000100000000)
  region size 1024K, 6 young (6144K), 2 survivors (2048K)
 Metaspace       used 45968K, capacity 48515K, committed 48636K, reserved 1091584K
  class space    used 5159K, capacity 6387K, committed 6396K, reserved 1048576K
}
Event: 39.016 GC heap after
{Heap after GC invocations=53 (full 0):
 garbage-first heap   total 152576K, used 29204K [0x0000000084400000, 0x0000000100000000)
  region size 1024K, 2 young (2048K), 2 survivors (2048K)
 Metaspace       used 45968K, capacity 48515K, committed 48636K, reserved 1091584K
  class space    used 5159K, capacity 6387K, committed 6396K, reserved 1048576K
}
Event: 39.206 GC heap before
{Heap before GC invocations=54 (full 0):
 garbage-first heap   total 152576K, used 74260K [0x0000000084400000, 0x0000000100000000)
  region size 1024K, 7 young (7168K), 2 survivors (2048K)
 Metaspace       used 45971K, capacity 48515K, committed 48636K, reserved 1091584K
  class space    used 5159K, capacity 6387K, committed 6396K, reserved 1048576K
}
Event: 39.210 GC heap after
{Heap after GC invocations=55 (full 0):
 garbage-first heap   total 152576K, used 29213K [0x0000000084400000, 0x0000000100000000)
  region size 1024K, 2 young (2048K), 2 survivors (2048K)
 Metaspace       used 45971K, capacity 48515K, committed 48636K, reserved 1091584K
  class space    used 5159K, capacity 6387K, committed 6396K, reserved 1048576K
}
Event: 39.391 GC heap before
{Heap before GC invocations=56 (full 0):
 garbage-first heap   total 152576K, used 77341K [0x0000000084400000, 0x0000000100000000)
  region size 1024K, 10 young (10240K), 2 survivors (2048K)
 Metaspace       used 45973K, capacity 48515K, committed 48636K, reserved 1091584K
  class space    used 5159K, capacity 6387K, committed 6396K, reserved 1048576K
}
Event: 39.396 GC heap after
{Heap after GC invocations=57 (full 0):
 garbage-first heap   total 183296K, used 29320K [0x0000000084400000, 0x0000000100000000)
  region size 1024K, 2 young (2048K), 2 survivors (2048K)
 Metaspace       used 45973K, capacity 48515K, committed 48636K, reserved 1091584K
  class space    used 5159K, capacity 6387K, committed 6396K, reserved 1048576K
}

